D:\QYQWin\HQ\Source\DataTablesPainter\DataTablesPainter\Debug\cl.command.1.tlog
D:\QYQWin\HQ\Source\DataTablesPainter\DataTablesPainter\Debug\CL.read.1.tlog
D:\QYQWin\HQ\Source\DataTablesPainter\DataTablesPainter\Debug\CL.write.1.tlog
D:\QYQWIN\HQ\SOURCE\DATATABLESPAINTER\DATATABLESPAINTER\DEBUG\DATATABLESPAINTER.DLL.EMBED.MANIFEST
D:\QYQWIN\HQ\SOURCE\DATATABLESPAINTER\DATATABLESPAINTER\DEBUG\DATATABLESPAINTER.DLL.EMBED.MANIFEST.RES
D:\QYQWIN\HQ\SOURCE\DATATABLESPAINTER\DATATABLESPAINTER\DEBUG\DATATABLESPAINTER.DLL.INTERMEDIATE.MANIFEST
D:\QYQWIN\HQ\SOURCE\DATATABLESPAINTER\DATATABLESPAINTER\DEBUG\DATATABLESPAINTER.OBJ
D:\QYQWin\HQ\Source\DataTablesPainter\DataTablesPainter\Debug\DataTablesPainter.write.1.tlog
D:\QYQWin\HQ\Source\DataTablesPainter\DataTablesPainter\Debug\DataTablesPainter_manifest.rc
D:\QYQWIN\HQ\SOURCE\DATATABLESPAINTER\DATATABLESPAINTER\DEBUG\DLLMAIN.OBJ
D:\QYQWIN\HQ\SOURCE\DATATABLESPAINTER\DATATABLESPAINTER\DEBUG\HASH.OBJ
D:\QYQWin\HQ\Source\DataTablesPainter\DataTablesPainter\Debug\link.command.1.tlog
D:\QYQWin\HQ\Source\DataTablesPainter\DataTablesPainter\Debug\link.read.1.tlog
D:\QYQWin\HQ\Source\DataTablesPainter\DataTablesPainter\Debug\link.write.1.tlog
D:\QYQWin\HQ\Source\DataTablesPainter\DataTablesPainter\Debug\link-cvtres.read.1.tlog
D:\QYQWin\HQ\Source\DataTablesPainter\DataTablesPainter\Debug\link-cvtres.write.1.tlog
D:\QYQWIN\HQ\SOURCE\DATATABLESPAINTER\DATATABLESPAINTER\DEBUG\LOCK.OBJ
D:\QYQWIN\HQ\SOURCE\DATATABLESPAINTER\DATATABLESPAINTER\DEBUG\MEMDATABASE.OBJ
D:\QYQWIN\HQ\SOURCE\DATATABLESPAINTER\DATATABLESPAINTER\DEBUG\MEMRECORD.OBJ
D:\QYQWIN\HQ\SOURCE\DATATABLESPAINTER\DATATABLESPAINTER\DEBUG\MEMTABLE.OBJ
D:\QYQWin\HQ\Source\DataTablesPainter\DataTablesPainter\Debug\mt.command.1.tlog
D:\QYQWin\HQ\Source\DataTablesPainter\DataTablesPainter\Debug\mt.read.1.tlog
D:\QYQWin\HQ\Source\DataTablesPainter\DataTablesPainter\Debug\mt.write.1.tlog
D:\QYQWin\HQ\Source\DataTablesPainter\DataTablesPainter\Debug\rc.command.1.tlog
D:\QYQWin\HQ\Source\DataTablesPainter\DataTablesPainter\Debug\rc.read.1.tlog
D:\QYQWin\HQ\Source\DataTablesPainter\DataTablesPainter\Debug\rc.write.1.tlog
D:\QYQWin\HQ\Source\DataTablesPainter\DataTablesPainter\Debug\vc100.idb
D:\QYQWIN\HQ\SOURCE\DATATABLESPAINTER\DATATABLESPAINTER\DEBUG\VC100.PDB
D:\QYQWIN\HQ\SOURCE\DATATABLESPAINTER\DEBUG\DATATABLESPAINTER.DLL
D:\QYQWin\HQ\Source\DataTablesPainter\Debug\DataTablesPainter.exp
D:\QYQWIN\HQ\SOURCE\DATATABLESPAINTER\DEBUG\DATATABLESPAINTER.ILK
D:\QYQWin\HQ\Source\DataTablesPainter\Debug\DataTablesPainter.lib
D:\QYQWIN\HQ\SOURCE\DATATABLESPAINTER\DEBUG\DATATABLESPAINTER.PDB
